<?xml version="1.0" encoding="UTF-8"?>
<!-- Generated by org.testng.reporters.JUnitXMLReporter -->
<testsuite ignored="0" hostname="Shilpas-MacBook-Air.local" failures="1" tests="1" name="Subscription Test" time="226.899" errors="0" timestamp="2023-10-30T11:27:27 IST">
  <testcase classname="com.age.learning.automation.tests.SubscriptionTest" name="subscriptionTest" time="212.983">
    <failure type="java.lang.NullPointerException" message="Cannot invoke &amp;quot;org.openqa.selenium.WebElement.getAttribute(String)&amp;quot; because the return value of &amp;quot;com.age.learning.automation.pages.SubscriptionPage.emailField()&amp;quot; is null">
      <![CDATA[java.lang.NullPointerException: Cannot invoke "org.openqa.selenium.WebElement.getAttribute(String)" because the return value of "com.age.learning.automation.pages.SubscriptionPage.emailField()" is null
at com.age.learning.automation.pages.SubscriptionPage.getEmailFieldValue(SubscriptionPage.java:41)
at com.age.learning.automation.tests.SubscriptionTest.subscriptionTest(SubscriptionTest.java:34)
at java.base/java.util.ArrayList.forEach(ArrayList.java:1511)
... Removed 29 stack frames]]>
    </failure>
  </testcase> <!-- subscriptionTest -->
</testsuite> <!-- Subscription Test -->
